{"level":"info","message":"Database connection has been established successfully.","service":"activity-service","timestamp":"2024-06-10 08:37:12"}
{"level":"info","message":"Database synchronized successfully.","service":"activity-service","timestamp":"2024-06-10 08:37:12"}
{"level":"info","message":"Server closed successfully.","service":"activity-service","timestamp":"2024-06-10 08:37:14"}
{"level":"info","message":"Database connection has been established successfully.","service":"activity-service","timestamp":"2024-06-10 08:46:06"}
{"level":"info","message":"Database synchronized successfully.","service":"activity-service","timestamp":"2024-06-10 08:46:06"}
{"level":"info","message":"GET /api/activities?limit=9&offset=0","service":"activity-service","timestamp":"2024-06-10 08:46:21"}
{"level":"info","message":"GET /api/activities?limit=9&offset=0","service":"activity-service","timestamp":"2024-06-10 08:46:47"}
{"level":"info","message":"GET /api/activities?limit=9&offset=9","service":"activity-service","timestamp":"2024-06-10 08:46:49"}
{"level":"info","message":"GET /api/activities?limit=9&offset=18","service":"activity-service","timestamp":"2024-06-10 08:46:50"}
{"level":"info","message":"GET /api/activities?limit=9&offset=27","service":"activity-service","timestamp":"2024-06-10 08:46:51"}
{"level":"info","message":"GET /api/activities?limit=9&offset=18","service":"activity-service","timestamp":"2024-06-10 08:47:05"}
{"level":"info","message":"GET /api/activities?limit=9&offset=0","service":"activity-service","timestamp":"2024-06-10 08:47:49"}
{"level":"info","message":"GET /api/activities?limit=9&offset=9","service":"activity-service","timestamp":"2024-06-10 08:47:53"}
{"level":"info","message":"GET /api/activities?limit=9&offset=18","service":"activity-service","timestamp":"2024-06-10 08:47:54"}
{"level":"info","message":"GET /api/activities?limit=9&offset=9","service":"activity-service","timestamp":"2024-06-10 08:47:57"}
{"level":"info","message":"GET /api/activities?limit=9&offset=0","service":"activity-service","timestamp":"2024-06-10 08:48:16"}
{"level":"info","message":"GET /api/activities?limit=9&offset=9","service":"activity-service","timestamp":"2024-06-10 08:48:20"}
{"level":"info","message":"GET /api/activities?limit=9&offset=9","service":"activity-service","timestamp":"2024-06-10 08:48:38"}
{"level":"info","message":"GET /api/activities?limit=9&offset=0","service":"activity-service","timestamp":"2024-06-10 08:48:54"}
{"level":"info","message":"GET /api/activities?limit=9&offset=9","service":"activity-service","timestamp":"2024-06-10 08:48:57"}
{"level":"info","message":"GET /api/activities?limit=9&offset=18","service":"activity-service","timestamp":"2024-06-10 08:49:10"}
{"level":"info","message":"GET /api/activities?limit=9&offset=0","service":"activity-service","timestamp":"2024-06-10 08:49:26"}
{"level":"info","message":"GET /api/activities?limit=9&offset=0","service":"activity-service","timestamp":"2024-06-10 08:49:28"}
{"level":"info","message":"GET /api/activities?limit=9&offset=9","service":"activity-service","timestamp":"2024-06-10 08:49:28"}
{"level":"info","message":"GET /api/activities?limit=9&offset=18","service":"activity-service","timestamp":"2024-06-10 08:49:29"}
{"level":"info","message":"GET /api/activities?limit=9&offset=27","service":"activity-service","timestamp":"2024-06-10 08:49:30"}
{"level":"info","message":"GET /api/activities?limit=9&offset=18","service":"activity-service","timestamp":"2024-06-10 08:49:30"}
{"level":"info","message":"GET /api/activities?limit=9&offset=9","service":"activity-service","timestamp":"2024-06-10 08:49:31"}
{"level":"info","message":"GET /api/activities?limit=9&offset=0","service":"activity-service","timestamp":"2024-06-10 08:49:31"}
{"level":"info","message":"GET /api/activities?limit=9&offset=0","service":"activity-service","timestamp":"2024-06-10 08:49:40"}
{"level":"info","message":"GET /api/activities/search?q=city","service":"activity-service","timestamp":"2024-06-10 08:49:45"}
{"level":"info","message":"GET /api/activities?limit=9&offset=0","service":"activity-service","timestamp":"2024-06-10 08:49:54"}
{"level":"info","message":"GET /api-docs/","service":"activity-service","timestamp":"2024-06-10 09:01:34"}
{"level":"info","message":"GET /api-docs/swagger-ui.css","service":"activity-service","timestamp":"2024-06-10 09:01:34"}
{"level":"info","message":"GET /api-docs/swagger-ui-bundle.js","service":"activity-service","timestamp":"2024-06-10 09:01:34"}
{"level":"info","message":"GET /api-docs/swagger-ui-init.js","service":"activity-service","timestamp":"2024-06-10 09:01:34"}
{"level":"info","message":"GET /api-docs/swagger-ui-standalone-preset.js","service":"activity-service","timestamp":"2024-06-10 09:01:34"}
{"level":"info","message":"GET /api/activities/search?q=city&limit=10&offset=0","service":"activity-service","timestamp":"2024-06-10 09:01:47"}
{"level":"info","message":"GET /api/activities?limit=9&offset=0","service":"activity-service","timestamp":"2024-06-10 09:02:53"}
{"level":"info","message":"Server closed successfully.","service":"activity-service","timestamp":"2024-06-10 09:06:59"}
